# JRE version: OpenJDK Runtime Environment Temurin-17.0.2+8 (17.0.2+8) (build 17.0.2+8)
# Java VM: OpenJDK 64-Bit Server VM Temurin-17.0.2+8 (17.0.2+8, mixed mode, tiered, compressed oops, compressed class ptrs, parallel gc, linux-amd64)
GC Precious Log:
 CPUs: 12 total, 12 available
 Memory: 16001M
 Large Page Support: Disabled
 NUMA Support: Disabled
 Compressed Oops: Enabled (32-bit)
 Alignments: Space 512K, Generation 512K, Heap 2M
 Heap Min Capacity: 100M
 Heap Initial Capacity: 100M
 Heap Max Capacity: 1G
 Pre-touch: Disabled
 Parallel Workers: 10
Heap:
 PSYoungGen      total 8192K, used 1351K [0x00000000eab00000, 0x00000000ebd00000, 0x0000000100000000)
  eden space 6656K, 0% used [0x00000000eab00000,0x00000000eab00000,0x00000000eb180000)
  from space 1536K, 88% used [0x00000000ebb80000,0x00000000ebcd1ff0,0x00000000ebd00000)
  to   space 3584K, 0% used [0x00000000eb600000,0x00000000eb600000,0x00000000eb980000)
 ParOldGen       total 110592K, used 107204K [0x00000000c0000000, 0x00000000c6c00000, 0x00000000eab00000)
  object space 110592K, 96% used [0x00000000c0000000,0x00000000c68b10e0,0x00000000c6c00000)
 Metaspace       used 64821K, committed 65920K, reserved 1114112K
  class space    used 6865K, committed 7424K, reserved 1048576K
GC Heap History (20 events):
Event: 4,328 GC heap after
{Heap after GC invocations=62 (full 4):
 PSYoungGen      total 7680K, used 3200K [0x00000000eab00000, 0x00000000eb980000, 0x0000000100000000)
  eden space 4096K, 0% used [0x00000000eab00000,0x00000000eab00000,0x00000000eaf00000)
  from space 3584K, 89% used [0x00000000eb200000,0x00000000eb520000,0x00000000eb580000)
  to   space 3584K, 0% used [0x00000000eb600000,0x00000000eb600000,0x00000000eb980000)
 ParOldGen       total 110592K, used 80010K [0x00000000c0000000, 0x00000000c6c00000, 0x00000000eab00000)
  object space 110592K, 72% used [0x00000000c0000000,0x00000000c4e22a20,0x00000000c6c00000)
 Metaspace       used 63529K, committed 64576K, reserved 1114112K
  class space    used 6743K, committed 7232K, reserved 1048576K
}
Event: 4,335 GC heap before
{Heap before GC invocations=63 (full 4):
 PSYoungGen      total 7680K, used 7296K [0x00000000eab00000, 0x00000000eb980000, 0x0000000100000000)
  eden space 4096K, 100% used [0x00000000eab00000,0x00000000eaf00000,0x00000000eaf00000)
  from space 3584K, 89% used [0x00000000eb200000,0x00000000eb520000,0x00000000eb580000)
  to   space 3584K, 0% used [0x00000000eb600000,0x00000000eb600000,0x00000000eb980000)
 ParOldGen       total 110592K, used 80010K [0x00000000c0000000, 0x00000000c6c00000, 0x00000000eab00000)
  object space 110592K, 72% used [0x00000000c0000000,0x00000000c4e22a20,0x00000000c6c00000)
 Metaspace       used 63529K, committed 64576K, reserved 1114112K
  class space    used 6743K, committed 7232K, reserved 1048576K
}
Event: 4,337 GC heap after
{Heap after GC invocations=63 (full 4):
 PSYoungGen      total 7168K, used 2944K [0x00000000eab00000, 0x00000000eb900000, 0x0000000100000000)
  eden space 4096K, 0% used [0x00000000eab00000,0x00000000eab00000,0x00000000eaf00000)
  from space 3072K, 95% used [0x00000000eb600000,0x00000000eb8e0000,0x00000000eb900000)
  to   space 3584K, 0% used [0x00000000eb200000,0x00000000eb200000,0x00000000eb580000)
 ParOldGen       total 110592K, used 83010K [0x00000000c0000000, 0x00000000c6c00000, 0x00000000eab00000)
  object space 110592K, 75% used [0x00000000c0000000,0x00000000c5110a20,0x00000000c6c00000)
 Metaspace       used 63529K, committed 64576K, reserved 1114112K
  class space    used 6743K, committed 7232K, reserved 1048576K
}
Event: 4,343 GC heap before
{Heap before GC invocations=64 (full 4):
 PSYoungGen      total 7168K, used 7039K [0x00000000eab00000, 0x00000000eb900000, 0x0000000100000000)
  eden space 4096K, 99% used [0x00000000eab00000,0x00000000eaefffd8,0x00000000eaf00000)
  from space 3072K, 95% used [0x00000000eb600000,0x00000000eb8e0000,0x00000000eb900000)
  to   space 3584K, 0% used [0x00000000eb200000,0x00000000eb200000,0x00000000eb580000)
 ParOldGen       total 110592K, used 83010K [0x00000000c0000000, 0x00000000c6c00000, 0x00000000eab00000)
  object space 110592K, 75% used [0x00000000c0000000,0x00000000c5110a20,0x00000000c6c00000)
 Metaspace       used 63529K, committed 64576K, reserved 1114112K
  class space    used 6743K, committed 7232K, reserved 1048576K
}
Event: 4,346 GC heap after
{Heap after GC invocations=64 (full 4):
 PSYoungGen      total 8192K, used 3040K [0x00000000eab00000, 0x00000000eb680000, 0x0000000100000000)
  eden space 5120K, 0% used [0x00000000eab00000,0x00000000eab00000,0x00000000eb000000)
  from space 3072K, 98% used [0x00000000eb200000,0x00000000eb4f8000,0x00000000eb500000)
  to   space 1536K, 0% used [0x00000000eb500000,0x00000000eb500000,0x00000000eb680000)
 ParOldGen       total 110592K, used 85890K [0x00000000c0000000, 0x00000000c6c00000, 0x00000000eab00000)
  object space 110592K, 77% used [0x00000000c0000000,0x00000000c53e0a20,0x00000000c6c00000)
 Metaspace       used 63529K, committed 64576K, reserved 1114112K
  class space    used 6743K, committed 7232K, reserved 1048576K
}
Event: 4,354 GC heap before
{Heap before GC invocations=65 (full 4):
 PSYoungGen      total 8192K, used 8160K [0x00000000eab00000, 0x00000000eb680000, 0x0000000100000000)
  eden space 5120K, 100% used [0x00000000eab00000,0x00000000eb000000,0x00000000eb000000)
  from space 3072K, 98% used [0x00000000eb200000,0x00000000eb4f8000,0x00000000eb500000)
  to   space 1536K, 0% used [0x00000000eb500000,0x00000000eb500000,0x00000000eb680000)
 ParOldGen       total 110592K, used 85890K [0x00000000c0000000, 0x00000000c6c00000, 0x00000000eab00000)
  object space 110592K, 77% used [0x00000000c0000000,0x00000000c53e0a20,0x00000000c6c00000)
 Metaspace       used 63529K, committed 64576K, reserved 1114112K
  class space    used 6743K, committed 7232K, reserved 1048576K
}
Event: 4,356 GC heap after
{Heap after GC invocations=65 (full 4):
 PSYoungGen      total 4608K, used 1536K [0x00000000eab00000, 0x00000000ebf80000, 0x0000000100000000)
  eden space 3072K, 0% used [0x00000000eab00000,0x00000000eab00000,0x00000000eae00000)
  from space 1536K, 100% used [0x00000000eb500000,0x00000000eb680000,0x00000000eb680000)
  to   space 7168K, 0% used [0x00000000eae00000,0x00000000eae00000,0x00000000eb500000)
 ParOldGen       total 110592K, used 90874K [0x00000000c0000000, 0x00000000c6c00000, 0x00000000eab00000)
  object space 110592K, 82% used [0x00000000c0000000,0x00000000c58bea20,0x00000000c6c00000)
 Metaspace       used 63529K, committed 64576K, reserved 1114112K
  class space    used 6743K, committed 7232K, reserved 1048576K
}
Event: 4,361 GC heap before
{Heap before GC invocations=66 (full 4):
 PSYoungGen      total 4608K, used 4608K [0x00000000eab00000, 0x00000000ebf80000, 0x0000000100000000)
  eden space 3072K, 100% used [0x00000000eab00000,0x00000000eae00000,0x00000000eae00000)
  from space 1536K, 100% used [0x00000000eb500000,0x00000000eb680000,0x00000000eb680000)
  to   space 7168K, 0% used [0x00000000eae00000,0x00000000eae00000,0x00000000eb500000)
 ParOldGen       total 110592K, used 90874K [0x00000000c0000000, 0x00000000c6c00000, 0x00000000eab00000)
  object space 110592K, 82% used [0x00000000c0000000,0x00000000c58bea20,0x00000000c6c00000)
 Metaspace       used 63529K, committed 64576K, reserved 1114112K
  class space    used 6743K, committed 7232K, reserved 1048576K
}
Event: 4,362 GC heap after
{Heap after GC invocations=66 (full 4):
 PSYoungGen      total 5632K, used 2240K [0x00000000eab00000, 0x00000000eb700000, 0x0000000100000000)
  eden space 3072K, 0% used [0x00000000eab00000,0x00000000eab00000,0x00000000eae00000)
  from space 2560K, 87% used [0x00000000eae00000,0x00000000eb030000,0x00000000eb080000)
  to   space 4096K, 0% used [0x00000000eb300000,0x00000000eb300000,0x00000000eb700000)
 ParOldGen       total 110592K, used 92458K [0x00000000c0000000, 0x00000000c6c00000, 0x00000000eab00000)
  object space 110592K, 83% used [0x00000000c0000000,0x00000000c5a4aa20,0x00000000c6c00000)
 Metaspace       used 63529K, committed 64576K, reserved 1114112K
  class space    used 6743K, committed 7232K, reserved 1048576K
}
Event: 4,367 GC heap before
{Heap before GC invocations=67 (full 4):
 PSYoungGen      total 5632K, used 5312K [0x00000000eab00000, 0x00000000eb700000, 0x0000000100000000)
  eden space 3072K, 100% used [0x00000000eab00000,0x00000000eae00000,0x00000000eae00000)
  from space 2560K, 87% used [0x00000000eae00000,0x00000000eb030000,0x00000000eb080000)
  to   space 4096K, 0% used [0x00000000eb300000,0x00000000eb300000,0x00000000eb700000)
 ParOldGen       total 110592K, used 92458K [0x00000000c0000000, 0x00000000c6c00000, 0x00000000eab00000)
  object space 110592K, 83% used [0x00000000c0000000,0x00000000c5a4aa20,0x00000000c6c00000)
 Metaspace       used 63529K, committed 64576K, reserved 1114112K
  class space    used 6743K, committed 7232K, reserved 1048576K
}
Event: 4,369 GC heap after
{Heap after GC invocations=67 (full 4):
 PSYoungGen      total 6656K, used 2272K [0x00000000eab00000, 0x00000000eb580000, 0x0000000100000000)
  eden space 4096K, 0% used [0x00000000eab00000,0x00000000eab00000,0x00000000eaf00000)
  from space 2560K, 88% used [0x00000000eb300000,0x00000000eb538000,0x00000000eb580000)
  to   space 2560K, 0% used [0x00000000eb080000,0x00000000eb080000,0x00000000eb300000)
 ParOldGen       total 110592K, used 94626K [0x00000000c0000000, 0x00000000c6c00000, 0x00000000eab00000)
  object space 110592K, 85% used [0x00000000c0000000,0x00000000c5c68a20,0x00000000c6c00000)
 Metaspace       used 63529K, committed 64576K, reserved 1114112K
  class space    used 6743K, committed 7232K, reserved 1048576K
}
Event: 4,376 GC heap before
{Heap before GC invocations=68 (full 4):
 PSYoungGen      total 6656K, used 6368K [0x00000000eab00000, 0x00000000eb580000, 0x0000000100000000)
  eden space 4096K, 100% used [0x00000000eab00000,0x00000000eaf00000,0x00000000eaf00000)
  from space 2560K, 88% used [0x00000000eb300000,0x00000000eb538000,0x00000000eb580000)
  to   space 2560K, 0% used [0x00000000eb080000,0x00000000eb080000,0x00000000eb300000)
 ParOldGen       total 110592K, used 94626K [0x00000000c0000000, 0x00000000c6c00000, 0x00000000eab00000)
  object space 110592K, 85% used [0x00000000c0000000,0x00000000c5c68a20,0x00000000c6c00000)
 Metaspace       used 63529K, committed 64576K, reserved 1114112K
  class space    used 6743K, committed 7232K, reserved 1048576K
}
Event: 4,378 GC heap after
{Heap after GC invocations=68 (full 4):
 PSYoungGen      total 7680K, used 2560K [0x00000000eab00000, 0x00000000ebb00000, 0x0000000100000000)
  eden space 5120K, 0% used [0x00000000eab00000,0x00000000eab00000,0x00000000eb000000)
  from space 2560K, 100% used [0x00000000eb080000,0x00000000eb300000,0x00000000eb300000)
  to   space 5632K, 0% used [0x00000000eb580000,0x00000000eb580000,0x00000000ebb00000)
 ParOldGen       total 110592K, used 97162K [0x00000000c0000000, 0x00000000c6c00000, 0x00000000eab00000)
  object space 110592K, 87% used [0x00000000c0000000,0x00000000c5ee2a20,0x00000000c6c00000)
 Metaspace       used 63529K, committed 64576K, reserved 1114112K
  class space    used 6743K, committed 7232K, reserved 1048576K
}
Event: 4,384 GC heap before
{Heap before GC invocations=69 (full 4):
 PSYoungGen      total 7680K, used 7680K [0x00000000eab00000, 0x00000000ebb00000, 0x0000000100000000)
  eden space 5120K, 100% used [0x00000000eab00000,0x00000000eb000000,0x00000000eb000000)
  from space 2560K, 100% used [0x00000000eb080000,0x00000000eb300000,0x00000000eb300000)
  to   space 5632K, 0% used [0x00000000eb580000,0x00000000eb580000,0x00000000ebb00000)
 ParOldGen       total 110592K, used 97162K [0x00000000c0000000, 0x00000000c6c00000, 0x00000000eab00000)
  object space 110592K, 87% used [0x00000000c0000000,0x00000000c5ee2a20,0x00000000c6c00000)
 Metaspace       used 63629K, committed 64640K, reserved 1114112K
  class space    used 6754K, committed 7232K, reserved 1048576K
}
Event: 4,387 GC heap after
{Heap after GC invocations=69 (full 4):
 PSYoungGen      total 10752K, used 3273K [0x00000000eab00000, 0x00000000eb980000, 0x0000000100000000)
  eden space 6656K, 0% used [0x00000000eab00000,0x00000000eab00000,0x00000000eb180000)
  from space 4096K, 79% used [0x00000000eb580000,0x00000000eb8b2530,0x00000000eb980000)
  to   space 4096K, 0% used [0x00000000eb180000,0x00000000eb180000,0x00000000eb580000)
 ParOldGen       total 110592K, used 99738K [0x00000000c0000000, 0x00000000c6c00000, 0x00000000eab00000)
  object space 110592K, 90% used [0x00000000c0000000,0x00000000c6166a20,0x00000000c6c00000)
 Metaspace       used 63629K, committed 64640K, reserved 1114112K
  class space    used 6754K, committed 7232K, reserved 1048576K
}
Event: 4,399 GC heap before
{Heap before GC invocations=70 (full 4):
 PSYoungGen      total 10752K, used 9929K [0x00000000eab00000, 0x00000000eb980000, 0x0000000100000000)
  eden space 6656K, 100% used [0x00000000eab00000,0x00000000eb180000,0x00000000eb180000)
  from space 4096K, 79% used [0x00000000eb580000,0x00000000eb8b2530,0x00000000eb980000)
  to   space 4096K, 0% used [0x00000000eb180000,0x00000000eb180000,0x00000000eb580000)
 ParOldGen       total 110592K, used 99738K [0x00000000c0000000, 0x00000000c6c00000, 0x00000000eab00000)
  object space 110592K, 90% used [0x00000000c0000000,0x00000000c6166a20,0x00000000c6c00000)
 Metaspace       used 64046K, committed 65088K, reserved 1114112K
  class space    used 6789K, committed 7296K, reserved 1048576K
}
Event: 4,401 GC heap after
{Heap after GC invocations=70 (full 4):
 PSYoungGen      total 10752K, used 4096K [0x00000000eab00000, 0x00000000ec400000, 0x0000000100000000)
  eden space 6656K, 0% used [0x00000000eab00000,0x00000000eab00000,0x00000000eb180000)
  from space 4096K, 100% used [0x00000000eb180000,0x00000000eb580000,0x00000000eb580000)
  to   space 8704K, 0% used [0x00000000ebb80000,0x00000000ebb80000,0x00000000ec400000)
 ParOldGen       total 110592K, used 103116K [0x00000000c0000000, 0x00000000c6c00000, 0x00000000eab00000)
  object space 110592K, 93% used [0x00000000c0000000,0x00000000c64b30e0,0x00000000c6c00000)
 Metaspace       used 64046K, committed 65088K, reserved 1114112K
  class space    used 6789K, committed 7296K, reserved 1048576K
}
Event: 12,483 GC heap before
{Heap before GC invocations=71 (full 4):
 PSYoungGen      total 10752K, used 10752K [0x00000000eab00000, 0x00000000ec400000, 0x0000000100000000)
  eden space 6656K, 100% used [0x00000000eab00000,0x00000000eb180000,0x00000000eb180000)
  from space 4096K, 100% used [0x00000000eb180000,0x00000000eb580000,0x00000000eb580000)
  to   space 8704K, 0% used [0x00000000ebb80000,0x00000000ebb80000,0x00000000ec400000)
 ParOldGen       total 110592K, used 103116K [0x00000000c0000000, 0x00000000c6c00000, 0x00000000eab00000)
  object space 110592K, 93% used [0x00000000c0000000,0x00000000c64b30e0,0x00000000c6c00000)
 Metaspace       used 64821K, committed 65920K, reserved 1114112K
  class space    used 6865K, committed 7424K, reserved 1048576K
}
Event: 12,487 GC heap after
{Heap after GC invocations=71 (full 4):
 PSYoungGen      total 8192K, used 1351K [0x00000000eab00000, 0x00000000ebd00000, 0x0000000100000000)
  eden space 6656K, 0% used [0x00000000eab00000,0x00000000eab00000,0x00000000eb180000)
  from space 1536K, 88% used [0x00000000ebb80000,0x00000000ebcd1ff0,0x00000000ebd00000)
  to   space 3584K, 0% used [0x00000000eb600000,0x00000000eb600000,0x00000000eb980000)
 ParOldGen       total 110592K, used 107204K [0x00000000c0000000, 0x00000000c6c00000, 0x00000000eab00000)
  object space 110592K, 96% used [0x00000000c0000000,0x00000000c68b10e0,0x00000000c6c00000)
 Metaspace       used 64821K, committed 65920K, reserved 1114112K
  class space    used 6865K, committed 7424K, reserved 1048576K
}
Event: 12,487 GC heap before
{Heap before GC invocations=72 (full 5):
 PSYoungGen      total 8192K, used 1351K [0x00000000eab00000, 0x00000000ebd00000, 0x0000000100000000)
  eden space 6656K, 0% used [0x00000000eab00000,0x00000000eab00000,0x00000000eb180000)
  from space 1536K, 88% used [0x00000000ebb80000,0x00000000ebcd1ff0,0x00000000ebd00000)
  to   space 3584K, 0% used [0x00000000eb600000,0x00000000eb600000,0x00000000eb980000)
 ParOldGen       total 110592K, used 107204K [0x00000000c0000000, 0x00000000c6c00000, 0x00000000eab00000)
  object space 110592K, 96% used [0x00000000c0000000,0x00000000c68b10e0,0x00000000c6c00000)
 Metaspace       used 64821K, committed 65920K, reserved 1114112K
  class space    used 6865K, committed 7424K, reserved 1048576K
}

